VKCup/app/build/intermediates/manifest_merge_blame_file/debug/manifest-merger-blame-debug-report.txt
1<?xml version="1.0" encoding="utf-8"?>
2<manifest xmlns:android="http://schemas.android.com/apk/res/android"
3    package="com.uralitsports.vkcup"
4    android:versionCode="1"
5    android:versionName="1.0" >
6
7    <uses-sdk
8        android:minSdkVersion="30"
8-->src\main\AndroidManifest.xml
9        android:targetSdkVersion="31" />
9-->src\main\AndroidManifest.xml
10
11    <uses-permission android:name="android.permission.READ_EXTERNAL_STORAGE" />
11-->src\main\AndroidManifest.xml:5:5-80
11-->src\main\AndroidManifest.xml:5:22-77
12
13    <queries>
13-->[com.vk:android-sdk-core:3.3.0] AndroidManifest.xml:34:5-49:15
14
15        <!-- For auth with vk client -->
16        <intent>
16-->[com.vk:android-sdk-core:3.3.0] AndroidManifest.xml:37:9-39:18
17            <action android:name="com.vkontakte.android.action.SDK_AUTH" />
17-->[com.vk:android-sdk-core:3.3.0] AndroidManifest.xml:38:13-76
17-->[com.vk:android-sdk-core:3.3.0] AndroidManifest.xml:38:21-73
18        </intent>
19
20        <!-- For available browsers request -->
21        <intent>
21-->[com.vk:android-sdk-core:3.3.0] AndroidManifest.xml:42:9-48:18
22            <action android:name="android.intent.action.VIEW" />
22-->[com.vk:android-sdk-core:3.3.0] AndroidManifest.xml:43:13-65
22-->[com.vk:android-sdk-core:3.3.0] AndroidManifest.xml:43:21-62
23
24            <category android:name="android.intent.category.BROWSABLE" />
24-->[com.vk:android-sdk-core:3.3.0] AndroidManifest.xml:45:13-74
24-->[com.vk:android-sdk-core:3.3.0] AndroidManifest.xml:45:23-71
25
26            <data android:scheme="http" />
26-->[com.vk:android-sdk-core:3.3.0] AndroidManifest.xml:47:13-43
26-->[com.vk:android-sdk-core:3.3.0] AndroidManifest.xml:47:19-40
27        </intent>
28    </queries>
29
30    <uses-permission android:name="android.permission.ACCESS_NETWORK_STATE" />
30-->[com.vk:android-sdk-core:3.3.0] AndroidManifest.xml:51:5-79
30-->[com.vk:android-sdk-core:3.3.0] AndroidManifest.xml:51:22-76
31    <uses-permission android:name="android.permission.INTERNET" />
31-->[com.vk:android-sdk-core:3.3.0] AndroidManifest.xml:52:5-67
31-->[com.vk:android-sdk-core:3.3.0] AndroidManifest.xml:52:22-64
32
33    <application
33-->src\main\AndroidManifest.xml:7:5-34:19
34        android:name="com.uralitsports.vkcup.ApplicationEntrance"
34-->src\main\AndroidManifest.xml:8:9-44
35        android:allowBackup="false"
35-->src\main\AndroidManifest.xml:9:9-36
36        android:appComponentFactory="androidx.core.app.CoreComponentFactory"
36-->[androidx.core:core:1.6.0] AndroidManifest.xml:24:18-86
37        android:debuggable="true"
38        android:extractNativeLibs="false"
39        android:icon="@mipmap/ic_launcher_round"
39-->src\main\AndroidManifest.xml:10:9-49
40        android:label="@string/app_name"
40-->src\main\AndroidManifest.xml:11:9-41
41        android:networkSecurityConfig="@xml/network_security_config"
41-->src\main\AndroidManifest.xml:12:9-69
42        android:roundIcon="@mipmap/ic_launcher_round"
42-->src\main\AndroidManifest.xml:13:9-54
43        android:supportsRtl="true"
43-->src\main\AndroidManifest.xml:14:9-35
44        android:testOnly="true"
45        android:theme="@style/AppTheme" >
45-->src\main\AndroidManifest.xml:15:9-40
46        <activity
46-->src\main\AndroidManifest.xml:16:9-29:20
47            android:name="com.uralitsports.vkcup.LoginActivity"
47-->src\main\AndroidManifest.xml:17:13-42
48            android:configChanges="keyboard|keyboardHidden|orientation|screenSize"
48-->src\main\AndroidManifest.xml:18:13-83
49            android:exported="true"
49-->src\main\AndroidManifest.xml:19:13-36
50            android:label="@string/app_name"
50-->src\main\AndroidManifest.xml:20:13-45
51            android:launchMode="singleInstance"
51-->src\main\AndroidManifest.xml:21:13-48
52            android:windowSoftInputMode="adjustResize" >
52-->src\main\AndroidManifest.xml:22:13-55
53            <intent-filter>
53-->src\main\AndroidManifest.xml:23:13-28:29
54                <action android:name="android.intent.action.MAIN" />
54-->src\main\AndroidManifest.xml:24:17-69
54-->src\main\AndroidManifest.xml:24:25-66
55
56                <category android:name="android.intent.category.LAUNCHER" />
56-->src\main\AndroidManifest.xml:26:17-77
56-->src\main\AndroidManifest.xml:26:27-74
57                <category android:name="android.intent.category.MULTIWINDOW_LAUNCHER" />
57-->src\main\AndroidManifest.xml:27:17-89
57-->src\main\AndroidManifest.xml:27:27-86
58            </intent-filter>
59        </activity>
60        <activity
60-->src\main\AndroidManifest.xml:30:9-33:48
61            android:name="com.uralitsports.vkcup.UserActivity"
61-->src\main\AndroidManifest.xml:31:13-41
62            android:configChanges="keyboard|keyboardHidden|orientation|screenSize"
62-->src\main\AndroidManifest.xml:32:13-83
63            android:label="@string/app_name" />
63-->src\main\AndroidManifest.xml:33:13-45
64        <activity
64-->[com.vk:android-sdk-core:3.3.0] AndroidManifest.xml:55:9-57:53
65            android:name="com.vk.api.sdk.ui.VKWebViewAuthActivity"
65-->[com.vk:android-sdk-core:3.3.0] AndroidManifest.xml:56:13-67
66            android:theme="@style/VK.Transparent" />
66-->[com.vk:android-sdk-core:3.3.0] AndroidManifest.xml:57:13-50
67        <activity
67-->[com.vk:android-sdk-core:3.3.0] AndroidManifest.xml:58:9-60:75
68            android:name="com.vk.api.sdk.ui.VKCaptchaActivity"
68-->[com.vk:android-sdk-core:3.3.0] AndroidManifest.xml:59:13-63
69            android:theme="@android:style/Theme.Translucent.NoTitleBar" />
69-->[com.vk:android-sdk-core:3.3.0] AndroidManifest.xml:60:13-72
70        <activity
70-->[com.vk:android-sdk-core:3.3.0] AndroidManifest.xml:61:9-63:75
71            android:name="com.vk.api.sdk.ui.VKConfirmationActivity"
71-->[com.vk:android-sdk-core:3.3.0] AndroidManifest.xml:62:13-68
72            android:theme="@android:style/Theme.Translucent.NoTitleBar" />
72-->[com.vk:android-sdk-core:3.3.0] AndroidManifest.xml:63:13-72
73
74        <provider
74-->[com.vk:android-sdk-core:3.3.0] AndroidManifest.xml:65:9-69:40
75            android:name="com.vk.api.sdk.internal.VKInitProvider"
75-->[com.vk:android-sdk-core:3.3.0] AndroidManifest.xml:66:13-66
76            android:authorities="com.uralitsports.vkcup.VKInitProvider"
76-->[com.vk:android-sdk-core:3.3.0] AndroidManifest.xml:67:13-66
77            android:enabled="@bool/com_vk_sdk_init_provider_enabled"
77-->[com.vk:android-sdk-core:3.3.0] AndroidManifest.xml:68:13-69
78            android:exported="false" />
78-->[com.vk:android-sdk-core:3.3.0] AndroidManifest.xml:69:13-37
79
80        <meta-data
80-->[com.vk:android-sdk-core:3.3.0] AndroidManifest.xml:71:9-73:37
81            android:name="VKSdkVersion"
81-->[com.vk:android-sdk-core:3.3.0] AndroidManifest.xml:72:13-40
82            android:value="3.3.0" />
82-->[com.vk:android-sdk-core:3.3.0] AndroidManifest.xml:73:13-34
83        <meta-data
83-->[com.vk:android-sdk-core:3.3.0] AndroidManifest.xml:74:9-76:34
84            android:name="VKSdkVersionCode"
84-->[com.vk:android-sdk-core:3.3.0] AndroidManifest.xml:75:13-44
85            android:value="28" />
85-->[com.vk:android-sdk-core:3.3.0] AndroidManifest.xml:76:13-31
86
87        <provider
87-->[com.squareup.picasso:picasso:2.71828] AndroidManifest.xml:8:9-11:40
88            android:name="com.squareup.picasso.PicassoProvider"
88-->[com.squareup.picasso:picasso:2.71828] AndroidManifest.xml:9:13-64
89            android:authorities="com.uralitsports.vkcup.com.squareup.picasso"
89-->[com.squareup.picasso:picasso:2.71828] AndroidManifest.xml:10:13-72
90            android:exported="false" />
90-->[com.squareup.picasso:picasso:2.71828] AndroidManifest.xml:11:13-37
91    </application>
92
93</manifest>